<?xml version="1.0" encoding="UTF-8"?>
<testsuite xmlns:xsi="http://www.w3.org/2001/XMLSchema-instance" xsi:noNamespaceSchemaLocation="https://maven.apache.org/surefire/maven-surefire-plugin/xsd/surefire-test-report-3.0.xsd" version="3.0" name="TestSuite" time="39.974" tests="7" errors="0" skipped="0" failures="0">
  <properties>
[...]
</properties>
  <testcase name="runScenario[&quot;&quot;, &quot;Login function test&quot;](1)" classname="com.runner.TestRunner" time="6.304">
    <system-out><![CDATA[Log out button there or not = true
]]></system-out>
    <system-err><![CDATA[SLF4J(W): No SLF4J providers were found.
SLF4J(W): Defaulting to no-operation (NOP) logger implementation
SLF4J(W): See https://www.slf4j.org/codes.html#noProviders for further details.
Ability to run JUnit tests via TestNG was deprecated in v7.7.0 and is NOW being removed permanently. If you would like to run a mixture of TestNG and JUnit tests then please take a look at  https://github.com/junit-team/testng-engine which is now maintained by the JUnit team
Ability to run JUnit tests via TestNG was deprecated in v7.7.0 and is NOW being removed permanently. If you would like to run a mixture of TestNG and JUnit tests then please take a look at  https://github.com/junit-team/testng-engine which is now maintained by the JUnit team
]]></system-err>
  </testcase>
  <testcase name="runScenario[&quot;&quot;, &quot;Login function test&quot;](2)" classname="com.runner.TestRunner" time="5.254"/>
  <testcase name="runScenario[&quot;&quot;, &quot;Login function test&quot;](3)" classname="com.runner.TestRunner" time="5.528"/>
  <testcase name="runScenario[&quot;&quot;, &quot;Login function test&quot;](4)" classname="com.runner.TestRunner" time="5.325"/>
  <testcase name="runScenario[&quot;&quot;, &quot;Login function test&quot;](5)" classname="com.runner.TestRunner" time="5.187"/>
  <testcase name="runScenario[&quot;&quot;, &quot;Login function test&quot;](6)" classname="com.runner.TestRunner" time="5.32"/>
  <testcase name="runScenario[&quot;&quot;, &quot;Login function test&quot;](7)" classname="com.runner.TestRunner" time="5.351"/>
</testsuite>