<?xml version="1.0" encoding="UTF-8"?>
<!-- Generated by org.testng.reporters.JUnitReportReporter -->
<testsuite hostname="LAPTOP-0VR0V2U7" failures="0" tests="7" name="com.runner.TestRunner" time="40.254" errors="0" timestamp="2025-11-24T10:23:57 EST" skipped="0">
  <testcase classname="com.runner.TestRunner" name="runScenario" time="5.799"/>
  <testcase classname="com.runner.TestRunner" name="runScenario" time="5.565"/>
  <testcase classname="com.runner.TestRunner" name="runScenario" time="5.472"/>
  <testcase classname="com.runner.TestRunner" name="runScenario" time="5.456"/>
  <testcase classname="com.runner.TestRunner" name="runScenario" time="5.578"/>
  <testcase classname="com.runner.TestRunner" name="runScenario" time="6.687"/>
  <testcase classname="com.runner.TestRunner" name="runScenario" time="5.697"/>
</testsuite> <!-- com.runner.TestRunner -->
