<?xml version="1.0" encoding="UTF-8"?>
<!-- Generated by org.testng.reporters.JUnitReportReporter -->
<testsuite hostname="LAPTOP-0VR0V2U7" failures="0" tests="7" name="com.runner.TestRunner" time="38.676" errors="0" timestamp="2025-11-24T10:59:15 EST" skipped="0">
  <testcase classname="com.runner.TestRunner" name="runScenario" time="5.250"/>
  <testcase classname="com.runner.TestRunner" name="runScenario" time="5.534"/>
  <testcase classname="com.runner.TestRunner" name="runScenario" time="5.341"/>
  <testcase classname="com.runner.TestRunner" name="runScenario" time="6.399"/>
  <testcase classname="com.runner.TestRunner" name="runScenario" time="5.398"/>
  <testcase classname="com.runner.TestRunner" name="runScenario" time="5.320"/>
  <testcase classname="com.runner.TestRunner" name="runScenario" time="5.434"/>
</testsuite> <!-- com.runner.TestRunner -->
