<?xml version="1.0" encoding="UTF-8"?>
<!-- Generated by org.testng.reporters.JUnitReportReporter -->
<testsuite hostname="LAPTOP-0VR0V2U7" failures="0" tests="7" name="com.runner.TestRunner" time="38.276" errors="0" timestamp="2025-11-24T11:00:36 EST" skipped="0">
  <testcase classname="com.runner.TestRunner" name="runScenario" time="5.255"/>
  <testcase classname="com.runner.TestRunner" name="runScenario" time="5.186"/>
  <testcase classname="com.runner.TestRunner" name="runScenario" time="5.351"/>
  <testcase classname="com.runner.TestRunner" name="runScenario" time="6.309"/>
  <testcase classname="com.runner.TestRunner" name="runScenario" time="5.328"/>
  <testcase classname="com.runner.TestRunner" name="runScenario" time="5.319"/>
  <testcase classname="com.runner.TestRunner" name="runScenario" time="5.528"/>
</testsuite> <!-- com.runner.TestRunner -->
